1495740110133	geckodriver	INFO	Listening on 127.0.0.1:46031
1495741837127	geckodriver	INFO	Listening on 127.0.0.1:57069
1495741838506	geckodriver::marionette	INFO	Starting browser /usr/lib/firefox/firefox.sh with args ["-marionette"]
Error: GDK_BACKEND does not match available displays
1495742285821	geckodriver	INFO	Listening on 127.0.0.1:55465
1495742287114	geckodriver::marionette	INFO	Starting browser /usr/lib/firefox/firefox.sh with args ["-marionette"]
Error: GDK_BACKEND does not match available displays
1495815202969	geckodriver	INFO	Listening on 127.0.0.1:47715
1495815204431	geckodriver::marionette	INFO	Starting browser /usr/lib/firefox/firefox.sh with args ["-marionette"]
1495815218758	addons.manager	DEBUG	Application has been upgraded
1495815219563	addons.manager	DEBUG	Loaded provider scope for resource://gre/modules/addons/XPIProvider.jsm: ["XPIProvider"]
1495815219597	addons.manager	DEBUG	Loaded provider scope for resource://gre/modules/LightweightThemeManager.jsm: ["LightweightThemeManager"]
1495815219637	addons.manager	DEBUG	Loaded provider scope for resource://gre/modules/addons/GMPProvider.jsm
1495815219645	addons.manager	DEBUG	Loaded provider scope for resource://gre/modules/addons/PluginProvider.jsm
1495815219648	addons.manager	DEBUG	Starting provider: XPIProvider
1495815219650	addons.xpi	DEBUG	startup
1495815219651	addons.xpi	INFO	Removing all system add-on upgrades.
1495815219653	addons.xpi	INFO	SystemAddonInstallLocation directory is missing
1495815219670	addons.xpi	INFO	Mapping firefox@getpocket.com to /usr/lib/firefox/browser/features/firefox@getpocket.com.xpi
1495815219671	addons.xpi	INFO	Mapping e10srollout@mozilla.org to /usr/lib/firefox/browser/features/e10srollout@mozilla.org.xpi
1495815219673	addons.xpi	INFO	Mapping webcompat@mozilla.org to /usr/lib/firefox/browser/features/webcompat@mozilla.org.xpi
1495815219674	addons.xpi	INFO	Mapping aushelper@mozilla.org to /usr/lib/firefox/browser/features/aushelper@mozilla.org.xpi
1495815219689	addons.xpi	INFO	Mapping {972ce4c6-7e08-4474-a285-3208198ce6fd} to /usr/lib/firefox/browser/extensions/{972ce4c6-7e08-4474-a285-3208198ce6fd}.xpi
1495815219690	addons.xpi	INFO	Mapping langpack-en-GB@firefox.mozilla.org to /usr/lib/firefox/browser/extensions/langpack-en-GB@firefox.mozilla.org.xpi
1495815219691	addons.xpi	INFO	Mapping langpack-en-ZA@firefox.mozilla.org to /usr/lib/firefox/browser/extensions/langpack-en-ZA@firefox.mozilla.org.xpi
1495815219694	addons.xpi	DEBUG	checkForChanges
1495815219695	addons.xpi	INFO	SystemAddonInstallLocation directory is missing
1495815219697	addons.xpi	DEBUG	Loaded add-on state from prefs: {}
1495815219700	addons.xpi	DEBUG	New add-on firefox@getpocket.com in app-system-defaults
1495815219704	addons.xpi	DEBUG	getModTime: Recursive scan of firefox@getpocket.com
1495815219707	addons.xpi	DEBUG	New add-on e10srollout@mozilla.org in app-system-defaults
1495815219709	addons.xpi	DEBUG	getModTime: Recursive scan of e10srollout@mozilla.org
1495815219711	addons.xpi	DEBUG	New add-on webcompat@mozilla.org in app-system-defaults
1495815219714	addons.xpi	DEBUG	getModTime: Recursive scan of webcompat@mozilla.org
1495815219715	addons.xpi	DEBUG	New add-on aushelper@mozilla.org in app-system-defaults
1495815219716	addons.xpi	DEBUG	getModTime: Recursive scan of aushelper@mozilla.org
1495815219718	addons.xpi	DEBUG	New add-on {972ce4c6-7e08-4474-a285-3208198ce6fd} in app-global
1495815219721	addons.xpi	DEBUG	getModTime: Recursive scan of {972ce4c6-7e08-4474-a285-3208198ce6fd}
1495815219722	addons.xpi	DEBUG	New add-on langpack-en-GB@firefox.mozilla.org in app-global
1495815219722	addons.xpi	DEBUG	getModTime: Recursive scan of langpack-en-GB@firefox.mozilla.org
1495815219724	addons.xpi	DEBUG	New add-on langpack-en-ZA@firefox.mozilla.org in app-global
1495815219725	addons.xpi	DEBUG	getModTime: Recursive scan of langpack-en-ZA@firefox.mozilla.org
1495815219726	addons.xpi	DEBUG	getInstallState changed: true, state: {"app-system-defaults":{"firefox@getpocket.com":{"d":"/usr/lib/firefox/browser/features/firefox@getpocket.com.xpi","st":1495655746000},"e10srollout@mozilla.org":{"d":"/usr/lib/firefox/browser/features/e10srollout@mozilla.org.xpi","st":1495655746000},"webcompat@mozilla.org":{"d":"/usr/lib/firefox/browser/features/webcompat@mozilla.org.xpi","st":1495655746000},"aushelper@mozilla.org":{"d":"/usr/lib/firefox/browser/features/aushelper@mozilla.org.xpi","st":1495655746000}},"app-global":{"{972ce4c6-7e08-4474-a285-3208198ce6fd}":{"d":"/usr/lib/firefox/browser/extensions/{972ce4c6-7e08-4474-a285-3208198ce6fd}.xpi","st":1495655746000},"langpack-en-GB@firefox.mozilla.org":{"d":"/usr/lib/firefox/browser/extensions/langpack-en-GB@firefox.mozilla.org.xpi","st":1495656160000},"langpack-en-ZA@firefox.mozilla.org":{"d":"/usr/lib/firefox/browser/extensions/langpack-en-ZA@firefox.mozilla.org.xpi","st":1495656161000}}}
1495815219858	addons.xpi-utils	DEBUG	Opening XPI database /tmp/rust_mozprofile.jimtERmbFO9S/extensions.json
1495815219863	addons.xpi-utils	DEBUG	New add-on firefox@getpocket.com installed in app-system-defaults
*** Blocklist::_loadBlocklistFromFile: blocklist is disabled
1495815220413	DeferredSave.extensions.json	DEBUG	Save changes
1495815220415	addons.xpi-utils	DEBUG	New add-on e10srollout@mozilla.org installed in app-system-defaults
1495815220451	DeferredSave.extensions.json	DEBUG	Starting timer
1495815220471	DeferredSave.extensions.json	DEBUG	Save changes
1495815220471	addons.xpi-utils	DEBUG	New add-on webcompat@mozilla.org installed in app-system-defaults
1495815220510	DeferredSave.extensions.json	DEBUG	Save changes
1495815220510	addons.xpi-utils	DEBUG	New add-on aushelper@mozilla.org installed in app-system-defaults
1495815220533	DeferredSave.extensions.json	DEBUG	Save changes
1495815220538	addons.xpi-utils	DEBUG	New add-on {972ce4c6-7e08-4474-a285-3208198ce6fd} installed in app-global
1495815220645	DeferredSave.extensions.json	DEBUG	Save changes
1495815220646	addons.xpi-utils	DEBUG	New add-on langpack-en-GB@firefox.mozilla.org installed in app-global
1495815220735	DeferredSave.extensions.json	DEBUG	Save changes
1495815220735	addons.xpi-utils	DEBUG	New add-on langpack-en-ZA@firefox.mozilla.org installed in app-global
1495815220815	DeferredSave.extensions.json	DEBUG	Save changes
1495815220823	addons.manager	DEBUG	Registering startup change 'installed' for firefox@getpocket.com
1495815220927	addons.xpi	DEBUG	Loading bootstrap scope from /usr/lib/firefox/browser/features/firefox@getpocket.com.xpi
1495815221007	addons.xpi	DEBUG	Calling bootstrap method install on firefox@getpocket.com version 1.0.5
1495815221008	addons.xpi-utils	DEBUG	Make addon app-system-defaults:firefox@getpocket.com visible
1495815221010	DeferredSave.extensions.json	DEBUG	Save changes
1495815221011	addons.manager	DEBUG	Registering startup change 'installed' for e10srollout@mozilla.org
1495815221013	addons.xpi	DEBUG	Loading bootstrap scope from /usr/lib/firefox/browser/features/e10srollout@mozilla.org.xpi
1495815221023	addons.xpi	DEBUG	Calling bootstrap method install on e10srollout@mozilla.org version 1.14
1495815221028	addons.xpi-utils	DEBUG	Make addon app-system-defaults:e10srollout@mozilla.org visible
1495815221030	DeferredSave.extensions.json	DEBUG	Save changes
1495815221031	addons.manager	DEBUG	Registering startup change 'installed' for webcompat@mozilla.org
1495815221033	addons.xpi	DEBUG	Loading bootstrap scope from /usr/lib/firefox/browser/features/webcompat@mozilla.org.xpi
1495815221044	addons.xpi	DEBUG	Calling bootstrap method install on webcompat@mozilla.org version 1.0
1495815221045	addons.xpi-utils	DEBUG	Make addon app-system-defaults:webcompat@mozilla.org visible
1495815221047	DeferredSave.extensions.json	DEBUG	Save changes
1495815221048	addons.manager	DEBUG	Registering startup change 'installed' for aushelper@mozilla.org
1495815221051	addons.xpi	DEBUG	Loading bootstrap scope from /usr/lib/firefox/browser/features/aushelper@mozilla.org.xpi
1495815221061	addons.xpi	DEBUG	Calling bootstrap method install on aushelper@mozilla.org version 2.0
1495815221062	addons.xpi-utils	DEBUG	Make addon app-system-defaults:aushelper@mozilla.org visible
1495815221066	DeferredSave.extensions.json	DEBUG	Save changes
1495815221067	addons.xpi-utils	DEBUG	Make addon app-global:{972ce4c6-7e08-4474-a285-3208198ce6fd} visible
1495815221069	DeferredSave.extensions.json	DEBUG	Save changes
1495815221070	addons.manager	DEBUG	Registering startup change 'installed' for langpack-en-GB@firefox.mozilla.org
1495815221070	addons.manager	DEBUG	Registering startup change 'installed' for langpack-en-GB@firefox.mozilla.org
1495815221072	addons.xpi-utils	DEBUG	Make addon app-global:langpack-en-GB@firefox.mozilla.org visible
1495815221073	DeferredSave.extensions.json	DEBUG	Save changes
1495815221074	addons.manager	DEBUG	Registering startup change 'installed' for langpack-en-ZA@firefox.mozilla.org
1495815221074	addons.manager	DEBUG	Registering startup change 'installed' for langpack-en-ZA@firefox.mozilla.org
1495815221076	addons.xpi-utils	DEBUG	Make addon app-global:langpack-en-ZA@firefox.mozilla.org visible
1495815221077	DeferredSave.extensions.json	DEBUG	Save changes
1495815221080	addons.xpi	DEBUG	Updating XPIState for {"id":"firefox@getpocket.com","syncGUID":"{5b3bebf9-69d7-4e5f-ac48-0c0ffee2a2f2}","location":"app-system-defaults","version":"1.0.5","type":"extension","internalName":null,"updateURL":null,"updateKey":null,"optionsURL":null,"optionsType":null,"aboutURL":null,"icons":{},"iconURL":null,"icon64URL":null,"defaultLocale":{"name":"Pocket","description":"When you find something you want to view later, put it in Pocket.","creator":null,"homepageURL":null},"visible":true,"active":true,"userDisabled":false,"appDisabled":false,"descriptor":"/usr/lib/firefox/browser/features/firefox@getpocket.com.xpi","installDate":1495655746000,"updateDate":1495655746000,"applyBackgroundUpdates":1,"bootstrap":true,"skinnable":false,"size":913565,"sourceURI":null,"releaseNotesURI":null,"softDisabled":false,"foreignInstall":false,"hasBinaryComponents":false,"strictCompatibility":false,"locales":[],"targetApplications":[{"id":"{ec8030f7-c20a-464f-9b0e-13a3a9e97384}","minVersion":"53.0.3","maxVersion":"53.*"}],"targetPlatforms":[],"multiprocessCompatible":true,"seen":true,"dependencies":[],"hasEmbeddedWebExtension":false,"mpcOptedOut":false,"userPermissions":null}
1495815221081	addons.xpi	DEBUG	getModTime: Recursive scan of firefox@getpocket.com
1495815221083	addons.xpi	DEBUG	Updating XPIState for {"id":"e10srollout@mozilla.org","syncGUID":"{6bcede35-86f3-4ff5-b794-a1473f2220f9}","location":"app-system-defaults","version":"1.14","type":"extension","internalName":null,"updateURL":null,"updateKey":null,"optionsURL":null,"optionsType":null,"aboutURL":null,"icons":{},"iconURL":null,"icon64URL":null,"defaultLocale":{"name":"Multi-process staged rollout","description":"Staged rollout of Firefox multi-process feature.","creator":null,"homepageURL":null},"visible":true,"active":true,"userDisabled":false,"appDisabled":false,"descriptor":"/usr/lib/firefox/browser/features/e10srollout@mozilla.org.xpi","installDate":1495655746000,"updateDate":1495655746000,"applyBackgroundUpdates":1,"bootstrap":true,"skinnable":false,"size":8478,"sourceURI":null,"releaseNotesURI":null,"softDisabled":false,"foreignInstall":false,"hasBinaryComponents":false,"strictCompatibility":false,"locales":[],"targetApplications":[{"id":"{ec8030f7-c20a-464f-9b0e-13a3a9e97384}","minVersion":"53.0.3","maxVersion":"53.*"}],"targetPlatforms":[],"multiprocessCompatible":true,"seen":true,"dependencies":[],"hasEmbeddedWebExtension":false,"mpcOptedOut":false,"userPermissions":null}
1495815221083	addons.xpi	DEBUG	getModTime: Recursive scan of e10srollout@mozilla.org
1495815221088	addons.xpi	DEBUG	Updating XPIState for {"id":"webcompat@mozilla.org","syncGUID":"{97f89570-9e18-44c0-9814-e9a66753b805}","location":"app-system-defaults","version":"1.0","type":"extension","internalName":null,"updateURL":null,"updateKey":null,"optionsURL":null,"optionsType":null,"aboutURL":null,"icons":{},"iconURL":null,"icon64URL":null,"defaultLocale":{"name":"Web Compat","description":"Urgent post-release fixes for web compatibility.","creator":null,"homepageURL":null},"visible":true,"active":true,"userDisabled":false,"appDisabled":false,"descriptor":"/usr/lib/firefox/browser/features/webcompat@mozilla.org.xpi","installDate":1495655746000,"updateDate":1495655746000,"applyBackgroundUpdates":1,"bootstrap":true,"skinnable":false,"size":1456,"sourceURI":null,"releaseNotesURI":null,"softDisabled":false,"foreignInstall":false,"hasBinaryComponents":false,"strictCompatibility":false,"locales":[],"targetApplications":[{"id":"{ec8030f7-c20a-464f-9b0e-13a3a9e97384}","minVersion":"53.0.3","maxVersion":"53.*"}],"targetPlatforms":[],"multiprocessCompatible":true,"seen":true,"dependencies":[],"hasEmbeddedWebExtension":false,"mpcOptedOut":false,"userPermissions":null}
1495815221089	addons.xpi	DEBUG	getModTime: Recursive scan of webcompat@mozilla.org
1495815221090	addons.xpi	DEBUG	Updating XPIState for {"id":"aushelper@mozilla.org","syncGUID":"{5035a924-e03e-4665-8399-ac0280c164b4}","location":"app-system-defaults","version":"2.0","type":"extension","internalName":null,"updateURL":null,"updateKey":null,"optionsURL":null,"optionsType":null,"aboutURL":null,"icons":{},"iconURL":null,"icon64URL":null,"defaultLocale":{"name":"Application Update Service Helper","description":"Sets value(s) in the update url based on custom checks.","creator":null,"homepageURL":null},"visible":true,"active":true,"userDisabled":false,"appDisabled":false,"descriptor":"/usr/lib/firefox/browser/features/aushelper@mozilla.org.xpi","installDate":1495655746000,"updateDate":1495655746000,"applyBackgroundUpdates":1,"bootstrap":true,"skinnable":false,"size":8488,"sourceURI":null,"releaseNotesURI":null,"softDisabled":false,"foreignInstall":false,"hasBinaryComponents":false,"strictCompatibility":false,"locales":[],"targetApplications":[{"id":"{ec8030f7-c20a-464f-9b0e-13a3a9e97384}","minVersion":"53.0.3","maxVersion":"53.*"}],"targetPlatforms":[],"multiprocessCompatible":true,"seen":true,"dependencies":[],"hasEmbeddedWebExtension":false,"mpcOptedOut":false,"userPermissions":null}
1495815221091	addons.xpi	DEBUG	getModTime: Recursive scan of aushelper@mozilla.org
1495815221094	addons.xpi	DEBUG	Updating XPIState for {"id":"{972ce4c6-7e08-4474-a285-3208198ce6fd}","syncGUID":"{fd119a8b-3416-40ce-a55d-4084dcc1420b}","location":"app-global","version":"53.0.3","type":"theme","internalName":"classic/1.0","updateURL":null,"updateKey":null,"optionsURL":null,"optionsType":null,"aboutURL":null,"icons":{},"iconURL":"chrome://browser/content/default-theme-icon.svg","icon64URL":null,"defaultLocale":{"name":"Default","description":"The default theme.","creator":"Mozilla","homepageURL":null,"contributors":["Mozilla Contributors"]},"visible":true,"active":true,"userDisabled":false,"appDisabled":false,"descriptor":"/usr/lib/firefox/browser/extensions/{972ce4c6-7e08-4474-a285-3208198ce6fd}.xpi","installDate":1495655746000,"updateDate":1495655746000,"applyBackgroundUpdates":1,"skinnable":true,"size":2918,"sourceURI":null,"releaseNotesURI":null,"softDisabled":false,"foreignInstall":false,"hasBinaryComponents":false,"strictCompatibility":true,"locales":[],"targetApplications":[{"id":"{ec8030f7-c20a-464f-9b0e-13a3a9e97384}","minVersion":"53.0.3","maxVersion":"53.0.3"}],"targetPlatforms":[],"seen":true,"dependencies":[],"hasEmbeddedWebExtension":false,"userPermissions":null}
1495815221095	addons.xpi	DEBUG	getModTime: Recursive scan of {972ce4c6-7e08-4474-a285-3208198ce6fd}
1495815221096	addons.xpi	DEBUG	Updating XPIState for {"id":"langpack-en-GB@firefox.mozilla.org","syncGUID":"{d65ca9a6-7ead-4966-ae05-f8481eba8d64}","location":"app-global","version":"53.0.3","type":"locale","internalName":null,"updateURL":null,"updateKey":null,"optionsURL":null,"optionsType":null,"aboutURL":null,"icons":{},"iconURL":null,"icon64URL":null,"defaultLocale":{"name":"English (GB) Language Pack","description":null,"creator":"Mark Tyndall","homepageURL":null,"contributors":["David Bartlett","Constantine Murenin","Ian Neal"]},"visible":true,"active":true,"userDisabled":false,"appDisabled":false,"descriptor":"/usr/lib/firefox/browser/extensions/langpack-en-GB@firefox.mozilla.org.xpi","installDate":1495656160000,"updateDate":1495656160000,"applyBackgroundUpdates":1,"bootstrap":true,"skinnable":false,"size":1181018,"sourceURI":null,"releaseNotesURI":null,"softDisabled":false,"foreignInstall":true,"hasBinaryComponents":false,"strictCompatibility":true,"locales":[],"targetApplications":[{"id":"{ec8030f7-c20a-464f-9b0e-13a3a9e97384}","minVersion":"53.0.3","maxVersion":"53.*"}],"targetPlatforms":[],"seen":true,"dependencies":[],"hasEmbeddedWebExtension":false,"userPermissions":null}
1495815221097	addons.xpi	DEBUG	getModTime: Recursive scan of langpack-en-GB@firefox.mozilla.org
1495815221099	addons.xpi	DEBUG	Updating XPIState for {"id":"langpack-en-ZA@firefox.mozilla.org","syncGUID":"{534a48f8-5c98-4fd0-98ed-7881e839a40f}","location":"app-global","version":"53.0.3","type":"locale","internalName":null,"updateURL":null,"updateKey":null,"optionsURL":null,"optionsType":null,"aboutURL":null,"icons":{},"iconURL":null,"icon64URL":null,"defaultLocale":{"name":"English (South Africa) Language Pack","description":null,"creator":"Translate.org.za","homepageURL":null,"contributors":["Translate.org.za","Dwayne Bailey"]},"visible":true,"active":true,"userDisabled":false,"appDisabled":false,"descriptor":"/usr/lib/firefox/browser/extensions/langpack-en-ZA@firefox.mozilla.org.xpi","installDate":1495656161000,"updateDate":1495656161000,"applyBackgroundUpdates":1,"bootstrap":true,"skinnable":false,"size":1231526,"sourceURI":null,"releaseNotesURI":null,"softDisabled":false,"foreignInstall":true,"hasBinaryComponents":false,"strictCompatibility":true,"locales":[],"targetApplications":[{"id":"{ec8030f7-c20a-464f-9b0e-13a3a9e97384}","minVersion":"53.0.3","maxVersion":"53.*"}],"targetPlatforms":[],"seen":true,"dependencies":[],"hasEmbeddedWebExtension":false,"userPermissions":null}
1495815221099	addons.xpi	DEBUG	getModTime: Recursive scan of langpack-en-ZA@firefox.mozilla.org
1495815221105	DeferredSave.extensions.json	DEBUG	Save changes
1495815221105	addons.xpi	DEBUG	Updating database with changes to installed add-ons
1495815221105	addons.xpi-utils	DEBUG	Updating add-on states
1495815221109	addons.xpi-utils	DEBUG	Writing add-ons list
1495815221137	addons.xpi	DEBUG	Registering manifest for /usr/lib/firefox/browser/features/aushelper@mozilla.org.xpi
1495815221141	addons.xpi	DEBUG	Calling bootstrap method startup on aushelper@mozilla.org version 2.0
1495815221147	addons.xpi	DEBUG	Registering manifest for /usr/lib/firefox/browser/features/e10srollout@mozilla.org.xpi
1495815221151	addons.xpi	DEBUG	Calling bootstrap method startup on e10srollout@mozilla.org version 1.14
1495815221154	addons.xpi	DEBUG	Registering manifest for /usr/lib/firefox/browser/features/firefox@getpocket.com.xpi
1495815221156	addons.xpi	DEBUG	Calling bootstrap method startup on firefox@getpocket.com version 1.0.5
1495815221162	addons.xpi	DEBUG	Registering manifest for /usr/lib/firefox/browser/extensions/langpack-en-GB@firefox.mozilla.org.xpi
1495815221175	addons.xpi	DEBUG	Registering manifest for /usr/lib/firefox/browser/extensions/langpack-en-ZA@firefox.mozilla.org.xpi
1495815221203	addons.xpi	DEBUG	Registering manifest for /usr/lib/firefox/browser/features/webcompat@mozilla.org.xpi
1495815221204	addons.xpi	DEBUG	Calling bootstrap method startup on webcompat@mozilla.org version 1.0
1495815221214	addons.manager	DEBUG	Registering shutdown blocker for XPIProvider
1495815221216	addons.manager	DEBUG	Provider finished startup: XPIProvider
1495815221216	addons.manager	DEBUG	Starting provider: LightweightThemeManager
1495815221217	addons.manager	DEBUG	Registering shutdown blocker for LightweightThemeManager
1495815221218	addons.manager	DEBUG	Provider finished startup: LightweightThemeManager
1495815221220	addons.manager	DEBUG	Starting provider: GMPProvider
1495815221331	addons.manager	DEBUG	Registering shutdown blocker for GMPProvider
1495815221333	addons.manager	DEBUG	Provider finished startup: GMPProvider
1495815221333	addons.manager	DEBUG	Starting provider: PluginProvider
1495815221334	addons.manager	DEBUG	Registering shutdown blocker for PluginProvider
1495815221335	addons.manager	DEBUG	Provider finished startup: PluginProvider
1495815221338	addons.manager	DEBUG	Completed startup sequence
1495815224419	addons.manager	DEBUG	Starting provider: <unnamed-provider>
1495815224419	addons.manager	DEBUG	Registering shutdown blocker for <unnamed-provider>
1495815224421	addons.manager	DEBUG	Provider finished startup: <unnamed-provider>
1495815224575	addons.manager	DEBUG	Starting provider: PreviousExperimentProvider
1495815224576	addons.manager	DEBUG	Registering shutdown blocker for PreviousExperimentProvider
1495815224577	addons.manager	DEBUG	Provider finished startup: PreviousExperimentProvider
1495815224595	DeferredSave.extensions.json	DEBUG	Starting write
1495815226455	DeferredSave.extensions.json	DEBUG	Write succeeded
1495815226459	addons.xpi-utils	DEBUG	XPI Database saved, setting schema version preference to 19
1495815247013	Marionette	INFO	Listening on port 41071
1495815248756	Marionette	WARN	TLS certificate errors will be ignored for this session
1495815281461	Marionette	INFO	New connections will no longer be accepted
[GFX1-]: Receive IPC close with reason=AbnormalShutdown
[Child 25989] WARNING: pipe error (3): Connection reset by peer: file /build/firefox-IKSm1A/firefox-53.0.3+build1/ipc/chromium/src/chrome/common/ipc_channel_posix.cc, line 346
1495815298753	geckodriver	INFO	Listening on 127.0.0.1:38987
1495815300244	geckodriver::marionette	INFO	Starting browser /usr/lib/firefox/firefox.sh with args ["-marionette"]
1495815302749	addons.manager	DEBUG	Application has been upgraded
1495815303000	addons.manager	DEBUG	Loaded provider scope for resource://gre/modules/addons/XPIProvider.jsm: ["XPIProvider"]
1495815303009	addons.manager	DEBUG	Loaded provider scope for resource://gre/modules/LightweightThemeManager.jsm: ["LightweightThemeManager"]
1495815303025	addons.manager	DEBUG	Loaded provider scope for resource://gre/modules/addons/GMPProvider.jsm
1495815303034	addons.manager	DEBUG	Loaded provider scope for resource://gre/modules/addons/PluginProvider.jsm
1495815303039	addons.manager	DEBUG	Starting provider: XPIProvider
1495815303041	addons.xpi	DEBUG	startup
1495815303042	addons.xpi	INFO	Removing all system add-on upgrades.
1495815303048	addons.xpi	INFO	SystemAddonInstallLocation directory is missing
1495815303052	addons.xpi	INFO	Mapping firefox@getpocket.com to /usr/lib/firefox/browser/features/firefox@getpocket.com.xpi
1495815303054	addons.xpi	INFO	Mapping e10srollout@mozilla.org to /usr/lib/firefox/browser/features/e10srollout@mozilla.org.xpi
1495815303056	addons.xpi	INFO	Mapping webcompat@mozilla.org to /usr/lib/firefox/browser/features/webcompat@mozilla.org.xpi
1495815303057	addons.xpi	INFO	Mapping aushelper@mozilla.org to /usr/lib/firefox/browser/features/aushelper@mozilla.org.xpi
1495815303060	addons.xpi	INFO	Mapping {972ce4c6-7e08-4474-a285-3208198ce6fd} to /usr/lib/firefox/browser/extensions/{972ce4c6-7e08-4474-a285-3208198ce6fd}.xpi
1495815303061	addons.xpi	INFO	Mapping langpack-en-GB@firefox.mozilla.org to /usr/lib/firefox/browser/extensions/langpack-en-GB@firefox.mozilla.org.xpi
1495815303062	addons.xpi	INFO	Mapping langpack-en-ZA@firefox.mozilla.org to /usr/lib/firefox/browser/extensions/langpack-en-ZA@firefox.mozilla.org.xpi
1495815303066	addons.xpi	DEBUG	checkForChanges
1495815303067	addons.xpi	INFO	SystemAddonInstallLocation directory is missing
1495815303069	addons.xpi	DEBUG	Loaded add-on state from prefs: {}
1495815303073	addons.xpi	DEBUG	New add-on firefox@getpocket.com in app-system-defaults
1495815303076	addons.xpi	DEBUG	getModTime: Recursive scan of firefox@getpocket.com
1495815303079	addons.xpi	DEBUG	New add-on e10srollout@mozilla.org in app-system-defaults
1495815303081	addons.xpi	DEBUG	getModTime: Recursive scan of e10srollout@mozilla.org
1495815303083	addons.xpi	DEBUG	New add-on webcompat@mozilla.org in app-system-defaults
1495815303086	addons.xpi	DEBUG	getModTime: Recursive scan of webcompat@mozilla.org
1495815303087	addons.xpi	DEBUG	New add-on aushelper@mozilla.org in app-system-defaults
1495815303088	addons.xpi	DEBUG	getModTime: Recursive scan of aushelper@mozilla.org
1495815303091	addons.xpi	DEBUG	New add-on {972ce4c6-7e08-4474-a285-3208198ce6fd} in app-global
1495815303093	addons.xpi	DEBUG	getModTime: Recursive scan of {972ce4c6-7e08-4474-a285-3208198ce6fd}
1495815303094	addons.xpi	DEBUG	New add-on langpack-en-GB@firefox.mozilla.org in app-global
1495815303095	addons.xpi	DEBUG	getModTime: Recursive scan of langpack-en-GB@firefox.mozilla.org
1495815303097	addons.xpi	DEBUG	New add-on langpack-en-ZA@firefox.mozilla.org in app-global
1495815303097	addons.xpi	DEBUG	getModTime: Recursive scan of langpack-en-ZA@firefox.mozilla.org
1495815303099	addons.xpi	DEBUG	getInstallState changed: true, state: {"app-system-defaults":{"firefox@getpocket.com":{"d":"/usr/lib/firefox/browser/features/firefox@getpocket.com.xpi","st":1495655746000},"e10srollout@mozilla.org":{"d":"/usr/lib/firefox/browser/features/e10srollout@mozilla.org.xpi","st":1495655746000},"webcompat@mozilla.org":{"d":"/usr/lib/firefox/browser/features/webcompat@mozilla.org.xpi","st":1495655746000},"aushelper@mozilla.org":{"d":"/usr/lib/firefox/browser/features/aushelper@mozilla.org.xpi","st":1495655746000}},"app-global":{"{972ce4c6-7e08-4474-a285-3208198ce6fd}":{"d":"/usr/lib/firefox/browser/extensions/{972ce4c6-7e08-4474-a285-3208198ce6fd}.xpi","st":1495655746000},"langpack-en-GB@firefox.mozilla.org":{"d":"/usr/lib/firefox/browser/extensions/langpack-en-GB@firefox.mozilla.org.xpi","st":1495656160000},"langpack-en-ZA@firefox.mozilla.org":{"d":"/usr/lib/firefox/browser/extensions/langpack-en-ZA@firefox.mozilla.org.xpi","st":1495656161000}}}
1495815303128	addons.xpi-utils	DEBUG	Opening XPI database /tmp/rust_mozprofile.O0tQiv2FMT3C/extensions.json
1495815303133	addons.xpi-utils	DEBUG	New add-on firefox@getpocket.com installed in app-system-defaults
*** Blocklist::_loadBlocklistFromFile: blocklist is disabled
1495815303211	DeferredSave.extensions.json	DEBUG	Save changes
1495815303218	addons.xpi-utils	DEBUG	New add-on e10srollout@mozilla.org installed in app-system-defaults
1495815303247	DeferredSave.extensions.json	DEBUG	Starting timer
1495815303324	DeferredSave.extensions.json	DEBUG	Save changes
1495815303325	addons.xpi-utils	DEBUG	New add-on webcompat@mozilla.org installed in app-system-defaults
1495815303361	DeferredSave.extensions.json	DEBUG	Save changes
1495815303361	addons.xpi-utils	DEBUG	New add-on aushelper@mozilla.org installed in app-system-defaults
1495815303385	DeferredSave.extensions.json	DEBUG	Save changes
1495815303389	addons.xpi-utils	DEBUG	New add-on {972ce4c6-7e08-4474-a285-3208198ce6fd} installed in app-global
1495815303408	DeferredSave.extensions.json	DEBUG	Save changes
1495815303408	addons.xpi-utils	DEBUG	New add-on langpack-en-GB@firefox.mozilla.org installed in app-global
1495815303463	DeferredSave.extensions.json	DEBUG	Save changes
1495815303464	addons.xpi-utils	DEBUG	New add-on langpack-en-ZA@firefox.mozilla.org installed in app-global
1495815303517	DeferredSave.extensions.json	DEBUG	Save changes
1495815303524	addons.manager	DEBUG	Registering startup change 'installed' for firefox@getpocket.com
1495815303558	addons.xpi	DEBUG	Loading bootstrap scope from /usr/lib/firefox/browser/features/firefox@getpocket.com.xpi
1495815303580	addons.xpi	DEBUG	Calling bootstrap method install on firefox@getpocket.com version 1.0.5
1495815303581	addons.xpi-utils	DEBUG	Make addon app-system-defaults:firefox@getpocket.com visible
1495815303582	DeferredSave.extensions.json	DEBUG	Save changes
1495815303584	addons.manager	DEBUG	Registering startup change 'installed' for e10srollout@mozilla.org
1495815303586	addons.xpi	DEBUG	Loading bootstrap scope from /usr/lib/firefox/browser/features/e10srollout@mozilla.org.xpi
1495815303597	addons.xpi	DEBUG	Calling bootstrap method install on e10srollout@mozilla.org version 1.14
1495815303601	addons.xpi-utils	DEBUG	Make addon app-system-defaults:e10srollout@mozilla.org visible
1495815303603	DeferredSave.extensions.json	DEBUG	Save changes
1495815303604	addons.manager	DEBUG	Registering startup change 'installed' for webcompat@mozilla.org
1495815303607	addons.xpi	DEBUG	Loading bootstrap scope from /usr/lib/firefox/browser/features/webcompat@mozilla.org.xpi
1495815303613	addons.xpi	DEBUG	Calling bootstrap method install on webcompat@mozilla.org version 1.0
1495815303613	addons.xpi-utils	DEBUG	Make addon app-system-defaults:webcompat@mozilla.org visible
1495815303615	DeferredSave.extensions.json	DEBUG	Save changes
1495815303616	addons.manager	DEBUG	Registering startup change 'installed' for aushelper@mozilla.org
1495815303619	addons.xpi	DEBUG	Loading bootstrap scope from /usr/lib/firefox/browser/features/aushelper@mozilla.org.xpi
1495815303627	addons.xpi	DEBUG	Calling bootstrap method install on aushelper@mozilla.org version 2.0
1495815303628	addons.xpi-utils	DEBUG	Make addon app-system-defaults:aushelper@mozilla.org visible
1495815303632	DeferredSave.extensions.json	DEBUG	Save changes
1495815303633	addons.xpi-utils	DEBUG	Make addon app-global:{972ce4c6-7e08-4474-a285-3208198ce6fd} visible
1495815303634	DeferredSave.extensions.json	DEBUG	Save changes
1495815303635	addons.manager	DEBUG	Registering startup change 'installed' for langpack-en-GB@firefox.mozilla.org
1495815303636	addons.manager	DEBUG	Registering startup change 'installed' for langpack-en-GB@firefox.mozilla.org
1495815303638	addons.xpi-utils	DEBUG	Make addon app-global:langpack-en-GB@firefox.mozilla.org visible
1495815303639	DeferredSave.extensions.json	DEBUG	Save changes
1495815303640	addons.manager	DEBUG	Registering startup change 'installed' for langpack-en-ZA@firefox.mozilla.org
1495815303640	addons.manager	DEBUG	Registering startup change 'installed' for langpack-en-ZA@firefox.mozilla.org
1495815303642	addons.xpi-utils	DEBUG	Make addon app-global:langpack-en-ZA@firefox.mozilla.org visible
1495815303644	DeferredSave.extensions.json	DEBUG	Save changes
1495815303646	addons.xpi	DEBUG	Updating XPIState for {"id":"firefox@getpocket.com","syncGUID":"{b41c6bda-639b-49fd-9467-c4a833545aa3}","location":"app-system-defaults","version":"1.0.5","type":"extension","internalName":null,"updateURL":null,"updateKey":null,"optionsURL":null,"optionsType":null,"aboutURL":null,"icons":{},"iconURL":null,"icon64URL":null,"defaultLocale":{"name":"Pocket","description":"When you find something you want to view later, put it in Pocket.","creator":null,"homepageURL":null},"visible":true,"active":true,"userDisabled":false,"appDisabled":false,"descriptor":"/usr/lib/firefox/browser/features/firefox@getpocket.com.xpi","installDate":1495655746000,"updateDate":1495655746000,"applyBackgroundUpdates":1,"bootstrap":true,"skinnable":false,"size":913565,"sourceURI":null,"releaseNotesURI":null,"softDisabled":false,"foreignInstall":false,"hasBinaryComponents":false,"strictCompatibility":false,"locales":[],"targetApplications":[{"id":"{ec8030f7-c20a-464f-9b0e-13a3a9e97384}","minVersion":"53.0.3","maxVersion":"53.*"}],"targetPlatforms":[],"multiprocessCompatible":true,"seen":true,"dependencies":[],"hasEmbeddedWebExtension":false,"mpcOptedOut":false,"userPermissions":null}
1495815303646	addons.xpi	DEBUG	getModTime: Recursive scan of firefox@getpocket.com
1495815303648	addons.xpi	DEBUG	Updating XPIState for {"id":"e10srollout@mozilla.org","syncGUID":"{c4249734-5600-4c51-aad3-62932cfe71f6}","location":"app-system-defaults","version":"1.14","type":"extension","internalName":null,"updateURL":null,"updateKey":null,"optionsURL":null,"optionsType":null,"aboutURL":null,"icons":{},"iconURL":null,"icon64URL":null,"defaultLocale":{"name":"Multi-process staged rollout","description":"Staged rollout of Firefox multi-process feature.","creator":null,"homepageURL":null},"visible":true,"active":true,"userDisabled":false,"appDisabled":false,"descriptor":"/usr/lib/firefox/browser/features/e10srollout@mozilla.org.xpi","installDate":1495655746000,"updateDate":1495655746000,"applyBackgroundUpdates":1,"bootstrap":true,"skinnable":false,"size":8478,"sourceURI":null,"releaseNotesURI":null,"softDisabled":false,"foreignInstall":false,"hasBinaryComponents":false,"strictCompatibility":false,"locales":[],"targetApplications":[{"id":"{ec8030f7-c20a-464f-9b0e-13a3a9e97384}","minVersion":"53.0.3","maxVersion":"53.*"}],"targetPlatforms":[],"multiprocessCompatible":true,"seen":true,"dependencies":[],"hasEmbeddedWebExtension":false,"mpcOptedOut":false,"userPermissions":null}
1495815303648	addons.xpi	DEBUG	getModTime: Recursive scan of e10srollout@mozilla.org
1495815303652	addons.xpi	DEBUG	Updating XPIState for {"id":"webcompat@mozilla.org","syncGUID":"{a12e94d6-2cd8-4ed4-b9ac-57da25ff696c}","location":"app-system-defaults","version":"1.0","type":"extension","internalName":null,"updateURL":null,"updateKey":null,"optionsURL":null,"optionsType":null,"aboutURL":null,"icons":{},"iconURL":null,"icon64URL":null,"defaultLocale":{"name":"Web Compat","description":"Urgent post-release fixes for web compatibility.","creator":null,"homepageURL":null},"visible":true,"active":true,"userDisabled":false,"appDisabled":false,"descriptor":"/usr/lib/firefox/browser/features/webcompat@mozilla.org.xpi","installDate":1495655746000,"updateDate":1495655746000,"applyBackgroundUpdates":1,"bootstrap":true,"skinnable":false,"size":1456,"sourceURI":null,"releaseNotesURI":null,"softDisabled":false,"foreignInstall":false,"hasBinaryComponents":false,"strictCompatibility":false,"locales":[],"targetApplications":[{"id":"{ec8030f7-c20a-464f-9b0e-13a3a9e97384}","minVersion":"53.0.3","maxVersion":"53.*"}],"targetPlatforms":[],"multiprocessCompatible":true,"seen":true,"dependencies":[],"hasEmbeddedWebExtension":false,"mpcOptedOut":false,"userPermissions":null}
1495815303653	addons.xpi	DEBUG	getModTime: Recursive scan of webcompat@mozilla.org
1495815303655	addons.xpi	DEBUG	Updating XPIState for {"id":"aushelper@mozilla.org","syncGUID":"{68b2a7cf-a0ae-47c7-95e4-b584b4c38ea9}","location":"app-system-defaults","version":"2.0","type":"extension","internalName":null,"updateURL":null,"updateKey":null,"optionsURL":null,"optionsType":null,"aboutURL":null,"icons":{},"iconURL":null,"icon64URL":null,"defaultLocale":{"name":"Application Update Service Helper","description":"Sets value(s) in the update url based on custom checks.","creator":null,"homepageURL":null},"visible":true,"active":true,"userDisabled":false,"appDisabled":false,"descriptor":"/usr/lib/firefox/browser/features/aushelper@mozilla.org.xpi","installDate":1495655746000,"updateDate":1495655746000,"applyBackgroundUpdates":1,"bootstrap":true,"skinnable":false,"size":8488,"sourceURI":null,"releaseNotesURI":null,"softDisabled":false,"foreignInstall":false,"hasBinaryComponents":false,"strictCompatibility":false,"locales":[],"targetApplications":[{"id":"{ec8030f7-c20a-464f-9b0e-13a3a9e97384}","minVersion":"53.0.3","maxVersion":"53.*"}],"targetPlatforms":[],"multiprocessCompatible":true,"seen":true,"dependencies":[],"hasEmbeddedWebExtension":false,"mpcOptedOut":false,"userPermissions":null}
1495815303657	addons.xpi	DEBUG	getModTime: Recursive scan of aushelper@mozilla.org
1495815303659	addons.xpi	DEBUG	Updating XPIState for {"id":"{972ce4c6-7e08-4474-a285-3208198ce6fd}","syncGUID":"{071969d4-bdea-4511-bb22-3770cb972718}","location":"app-global","version":"53.0.3","type":"theme","internalName":"classic/1.0","updateURL":null,"updateKey":null,"optionsURL":null,"optionsType":null,"aboutURL":null,"icons":{},"iconURL":"chrome://browser/content/default-theme-icon.svg","icon64URL":null,"defaultLocale":{"name":"Default","description":"The default theme.","creator":"Mozilla","homepageURL":null,"contributors":["Mozilla Contributors"]},"visible":true,"active":true,"userDisabled":false,"appDisabled":false,"descriptor":"/usr/lib/firefox/browser/extensions/{972ce4c6-7e08-4474-a285-3208198ce6fd}.xpi","installDate":1495655746000,"updateDate":1495655746000,"applyBackgroundUpdates":1,"skinnable":true,"size":2918,"sourceURI":null,"releaseNotesURI":null,"softDisabled":false,"foreignInstall":false,"hasBinaryComponents":false,"strictCompatibility":true,"locales":[],"targetApplications":[{"id":"{ec8030f7-c20a-464f-9b0e-13a3a9e97384}","minVersion":"53.0.3","maxVersion":"53.0.3"}],"targetPlatforms":[],"seen":true,"dependencies":[],"hasEmbeddedWebExtension":false,"userPermissions":null}
1495815303660	addons.xpi	DEBUG	getModTime: Recursive scan of {972ce4c6-7e08-4474-a285-3208198ce6fd}
1495815303661	addons.xpi	DEBUG	Updating XPIState for {"id":"langpack-en-GB@firefox.mozilla.org","syncGUID":"{a580b2ec-4403-44cc-80e9-dc540cc8ec00}","location":"app-global","version":"53.0.3","type":"locale","internalName":null,"updateURL":null,"updateKey":null,"optionsURL":null,"optionsType":null,"aboutURL":null,"icons":{},"iconURL":null,"icon64URL":null,"defaultLocale":{"name":"English (GB) Language Pack","description":null,"creator":"Mark Tyndall","homepageURL":null,"contributors":["David Bartlett","Constantine Murenin","Ian Neal"]},"visible":true,"active":true,"userDisabled":false,"appDisabled":false,"descriptor":"/usr/lib/firefox/browser/extensions/langpack-en-GB@firefox.mozilla.org.xpi","installDate":1495656160000,"updateDate":1495656160000,"applyBackgroundUpdates":1,"bootstrap":true,"skinnable":false,"size":1181018,"sourceURI":null,"releaseNotesURI":null,"softDisabled":false,"foreignInstall":true,"hasBinaryComponents":false,"strictCompatibility":true,"locales":[],"targetApplications":[{"id":"{ec8030f7-c20a-464f-9b0e-13a3a9e97384}","minVersion":"53.0.3","maxVersion":"53.*"}],"targetPlatforms":[],"seen":true,"dependencies":[],"hasEmbeddedWebExtension":false,"userPermissions":null}
1495815303662	addons.xpi	DEBUG	getModTime: Recursive scan of langpack-en-GB@firefox.mozilla.org
1495815303663	addons.xpi	DEBUG	Updating XPIState for {"id":"langpack-en-ZA@firefox.mozilla.org","syncGUID":"{4145a28c-115f-49c4-b0dd-4e7014c2a4f0}","location":"app-global","version":"53.0.3","type":"locale","internalName":null,"updateURL":null,"updateKey":null,"optionsURL":null,"optionsType":null,"aboutURL":null,"icons":{},"iconURL":null,"icon64URL":null,"defaultLocale":{"name":"English (South Africa) Language Pack","description":null,"creator":"Translate.org.za","homepageURL":null,"contributors":["Translate.org.za","Dwayne Bailey"]},"visible":true,"active":true,"userDisabled":false,"appDisabled":false,"descriptor":"/usr/lib/firefox/browser/extensions/langpack-en-ZA@firefox.mozilla.org.xpi","installDate":1495656161000,"updateDate":1495656161000,"applyBackgroundUpdates":1,"bootstrap":true,"skinnable":false,"size":1231526,"sourceURI":null,"releaseNotesURI":null,"softDisabled":false,"foreignInstall":true,"hasBinaryComponents":false,"strictCompatibility":true,"locales":[],"targetApplications":[{"id":"{ec8030f7-c20a-464f-9b0e-13a3a9e97384}","minVersion":"53.0.3","maxVersion":"53.*"}],"targetPlatforms":[],"seen":true,"dependencies":[],"hasEmbeddedWebExtension":false,"userPermissions":null}
1495815303664	addons.xpi	DEBUG	getModTime: Recursive scan of langpack-en-ZA@firefox.mozilla.org
1495815303668	DeferredSave.extensions.json	DEBUG	Save changes
1495815303668	addons.xpi	DEBUG	Updating database with changes to installed add-ons
1495815303669	addons.xpi-utils	DEBUG	Updating add-on states
1495815303673	addons.xpi-utils	DEBUG	Writing add-ons list
1495815303680	addons.xpi	DEBUG	Registering manifest for /usr/lib/firefox/browser/features/aushelper@mozilla.org.xpi
1495815303684	addons.xpi	DEBUG	Calling bootstrap method startup on aushelper@mozilla.org version 2.0
1495815303690	addons.xpi	DEBUG	Registering manifest for /usr/lib/firefox/browser/features/e10srollout@mozilla.org.xpi
1495815303693	addons.xpi	DEBUG	Calling bootstrap method startup on e10srollout@mozilla.org version 1.14
1495815303696	addons.xpi	DEBUG	Registering manifest for /usr/lib/firefox/browser/features/firefox@getpocket.com.xpi
1495815303698	addons.xpi	DEBUG	Calling bootstrap method startup on firefox@getpocket.com version 1.0.5
1495815303703	addons.xpi	DEBUG	Registering manifest for /usr/lib/firefox/browser/extensions/langpack-en-GB@firefox.mozilla.org.xpi
1495815303755	addons.xpi	DEBUG	Registering manifest for /usr/lib/firefox/browser/extensions/langpack-en-ZA@firefox.mozilla.org.xpi
1495815303781	addons.xpi	DEBUG	Registering manifest for /usr/lib/firefox/browser/features/webcompat@mozilla.org.xpi
1495815303782	addons.xpi	DEBUG	Calling bootstrap method startup on webcompat@mozilla.org version 1.0
1495815303811	addons.manager	DEBUG	Registering shutdown blocker for XPIProvider
1495815303816	addons.manager	DEBUG	Provider finished startup: XPIProvider
1495815303817	addons.manager	DEBUG	Starting provider: LightweightThemeManager
1495815303817	addons.manager	DEBUG	Registering shutdown blocker for LightweightThemeManager
1495815303818	addons.manager	DEBUG	Provider finished startup: LightweightThemeManager
1495815303820	addons.manager	DEBUG	Starting provider: GMPProvider
1495815303861	addons.manager	DEBUG	Registering shutdown blocker for GMPProvider
1495815303862	addons.manager	DEBUG	Provider finished startup: GMPProvider
1495815303862	addons.manager	DEBUG	Starting provider: PluginProvider
1495815303863	addons.manager	DEBUG	Registering shutdown blocker for PluginProvider
1495815303869	addons.manager	DEBUG	Provider finished startup: PluginProvider
1495815303871	addons.manager	DEBUG	Completed startup sequence
1495815305161	addons.manager	DEBUG	Starting provider: <unnamed-provider>
1495815305161	addons.manager	DEBUG	Registering shutdown blocker for <unnamed-provider>
1495815305162	addons.manager	DEBUG	Provider finished startup: <unnamed-provider>
1495815305237	addons.manager	DEBUG	Starting provider: PreviousExperimentProvider
1495815305237	addons.manager	DEBUG	Registering shutdown blocker for PreviousExperimentProvider
1495815305239	addons.manager	DEBUG	Provider finished startup: PreviousExperimentProvider
1495815305258	DeferredSave.extensions.json	DEBUG	Starting write
1495815305979	DeferredSave.extensions.json	DEBUG	Write succeeded
1495815305983	addons.xpi-utils	DEBUG	XPI Database saved, setting schema version preference to 19
1495815311298	Marionette	INFO	Listening on port 36827
1495815312539	Marionette	WARN	TLS certificate errors will be ignored for this session
1495815339849	Marionette	INFO	New connections will no longer be accepted
[GFX1-]: Receive IPC close with reason=AbnormalShutdown
[Child 26095] WARNING: pipe error (3): Connection reset by peer: file /build/firefox-IKSm1A/firefox-53.0.3+build1/ipc/chromium/src/chrome/common/ipc_channel_posix.cc, line 346
